[0m16:51:06.166067 [debug] [MainThread]: Sending event: {'category': 'dbt', 'action': 'invocation', 'label': 'start', 'context': [<snowplow_tracker.self_describing_json.SelfDescribingJson object at 0xf31c73248620>, <snowplow_tracker.self_describing_json.SelfDescribingJson object at 0xf31c71bb7d40>, <snowplow_tracker.self_describing_json.SelfDescribingJson object at 0xf31c744a0da0>]}


============================== 16:51:06.172795 | 576b71b8-f373-40a5-b66b-772afed45774 ==============================
[0m16:51:06.172795 [info ] [MainThread]: Running with dbt=1.11.7
[0m16:51:06.173171 [debug] [MainThread]: running dbt with arguments {'version_check': 'True', 'log_path': '/usr/app/logs', 'profiles_dir': '/usr/app/profiles', 'target_path': 'None', 'write_json': 'True', 'use_experimental_parser': 'False', 'log_cache_events': 'False', 'indirect_selection': 'eager', 'introspect': 'True', 'warn_error_options': 'WarnErrorOptionsV2(error=[], warn=[], silence=[])', 'quiet': 'False', 'invocation_command': 'dbt debug', 'send_anonymous_usage_stats': 'True', 'warn_error': 'None', 'use_colors': 'True', 'printer_width': '80', 'empty': 'None', 'no_print': 'None', 'fail_fast': 'False', 'static_parser': 'True', 'partial_parse': 'True', 'log_format': 'default', 'debug': 'False', 'cache_selected_only': 'False'}
[0m16:51:06.180191 [info ] [MainThread]: dbt version: 1.11.7
[0m16:51:06.180527 [info ] [MainThread]: python version: 3.12.13
[0m16:51:06.180684 [info ] [MainThread]: python path: /usr/local/bin/python3.12
[0m16:51:06.180840 [info ] [MainThread]: os info: Linux-6.6.87.2-microsoft-standard-WSL2-aarch64-with-glibc2.41
[0m16:51:06.225925 [info ] [MainThread]: Using profiles dir at /usr/app/profiles
[0m16:51:06.226290 [info ] [MainThread]: Using profiles.yml file at /usr/app/profiles/profiles.yml
[0m16:51:06.226467 [info ] [MainThread]: Using dbt_project.yml file at /usr/app/dbt_project.yml
[0m16:51:06.226815 [info ] [MainThread]: adapter type: postgres
[0m16:51:06.226979 [info ] [MainThread]: adapter version: 1.9.0
[0m16:51:06.304217 [info ] [MainThread]: Configuration:
[0m16:51:06.304609 [info ] [MainThread]:   profiles.yml file [[32mOK found and valid[0m]
[0m16:51:06.304789 [info ] [MainThread]:   dbt_project.yml file [[32mOK found and valid[0m]
[0m16:51:06.304952 [info ] [MainThread]: Required dependencies:
[0m16:51:06.305111 [debug] [MainThread]: Executing "git --help"
[0m16:51:06.306491 [info ] [MainThread]:  - git [[31mERROR[0m]

[0m16:51:06.306698 [info ] [MainThread]: Connection:
[0m16:51:06.306875 [info ] [MainThread]:   host: ep-falling-sky-a1vor32d-pooler.ap-southeast-1.aws.neon.tech
[0m16:51:06.307507 [info ] [MainThread]:   port: 5432
[0m16:51:06.307691 [info ] [MainThread]:   user: neondb_owner
[0m16:51:06.307998 [info ] [MainThread]:   database: neondb
[0m16:51:06.308296 [info ] [MainThread]:   schema: analytics
[0m16:51:06.308472 [info ] [MainThread]:   connect_timeout: 10
[0m16:51:06.308914 [info ] [MainThread]:   role: None
[0m16:51:06.309164 [info ] [MainThread]:   search_path: None
[0m16:51:06.309815 [info ] [MainThread]:   keepalives_idle: 0
[0m16:51:06.310129 [info ] [MainThread]:   sslmode: require
[0m16:51:06.310440 [info ] [MainThread]:   sslcert: None
[0m16:51:06.311183 [info ] [MainThread]:   sslkey: None
[0m16:51:06.311363 [info ] [MainThread]:   sslrootcert: None
[0m16:51:06.311524 [info ] [MainThread]:   application_name: dbt
[0m16:51:06.311654 [info ] [MainThread]:   retries: 1
[0m16:51:06.311974 [info ] [MainThread]: Registered adapter: postgres=1.9.0
[0m16:51:06.385263 [debug] [MainThread]: Acquiring new postgres connection 'debug'
[0m16:51:06.412395 [debug] [MainThread]: Using postgres connection "debug"
[0m16:51:06.412947 [debug] [MainThread]: On debug: select 1 as id
[0m16:51:06.413112 [debug] [MainThread]: Opening a new connection, currently in state init
[0m16:51:07.708270 [debug] [MainThread]: SQL status: SELECT 1 in 1.295 seconds
[0m16:51:07.709387 [debug] [MainThread]: On debug: Close
[0m16:51:07.709898 [info ] [MainThread]:   Connection test: [[32mOK connection ok[0m]

[0m16:51:07.710242 [info ] [MainThread]: [31m1 check failed:[0m
[0m16:51:07.710566 [info ] [MainThread]: Error from git --help: Could not find command, ensure it is in the user's PATH: "git"

[0m16:51:07.711870 [debug] [MainThread]: Resource report: {"command_name": "debug", "command_success": false, "command_wall_clock_time": 1.5929176, "process_in_blocks": "4336", "process_kernel_time": 0.341127, "process_mem_max_rss": "118016", "process_out_blocks": "3272", "process_user_time": 1.518016}
[0m16:51:07.712207 [debug] [MainThread]: Command `dbt debug` failed at 16:51:07.712132 after 1.59 seconds
[0m16:51:07.712426 [debug] [MainThread]: Connection 'debug' was properly closed.
[0m16:51:07.712630 [debug] [MainThread]: Sending event: {'category': 'dbt', 'action': 'invocation', 'label': 'end', 'context': [<snowplow_tracker.self_describing_json.SelfDescribingJson object at 0xf31c726f6f00>, <snowplow_tracker.self_describing_json.SelfDescribingJson object at 0xf31c71ca38f0>, <snowplow_tracker.self_describing_json.SelfDescribingJson object at 0xf31c71b3bb90>]}
[0m16:51:07.712883 [debug] [MainThread]: Flushing usage events
[0m16:51:08.820698 [debug] [MainThread]: An error was encountered while trying to flush usage events
[0m16:52:22.008239 [debug] [MainThread]: Sending event: {'category': 'dbt', 'action': 'invocation', 'label': 'start', 'context': [<snowplow_tracker.self_describing_json.SelfDescribingJson object at 0xf956e5015a00>, <snowplow_tracker.self_describing_json.SelfDescribingJson object at 0xf956e649c4d0>, <snowplow_tracker.self_describing_json.SelfDescribingJson object at 0xf956e4e475f0>]}


============================== 16:52:22.014074 | 61804188-f1c1-45b7-bc27-b077485ece98 ==============================
[0m16:52:22.014074 [info ] [MainThread]: Running with dbt=1.11.7
[0m16:52:22.014893 [debug] [MainThread]: running dbt with arguments {'static_parser': 'True', 'partial_parse': 'True', 'target_path': 'None', 'warn_error_options': 'WarnErrorOptionsV2(error=[], warn=[], silence=[])', 'version_check': 'True', 'warn_error': 'None', 'use_experimental_parser': 'False', 'debug': 'False', 'invocation_command': 'dbt debug', 'quiet': 'False', 'fail_fast': 'False', 'cache_selected_only': 'False', 'printer_width': '80', 'no_print': 'None', 'log_path': '/usr/app/logs', 'log_cache_events': 'False', 'send_anonymous_usage_stats': 'True', 'write_json': 'True', 'profiles_dir': '/usr/app/profiles', 'use_colors': 'True', 'log_format': 'default', 'introspect': 'True', 'empty': 'None', 'indirect_selection': 'eager'}
[0m16:52:22.024080 [info ] [MainThread]: dbt version: 1.11.7
[0m16:52:22.024361 [info ] [MainThread]: python version: 3.12.13
[0m16:52:22.024510 [info ] [MainThread]: python path: /usr/local/bin/python3.12
[0m16:52:22.024667 [info ] [MainThread]: os info: Linux-6.6.87.2-microsoft-standard-WSL2-aarch64-with-glibc2.41
[0m16:52:22.062957 [info ] [MainThread]: Using profiles dir at /usr/app/profiles
[0m16:52:22.063275 [info ] [MainThread]: Using profiles.yml file at /usr/app/profiles/profiles.yml
[0m16:52:22.063969 [info ] [MainThread]: Using dbt_project.yml file at /usr/app/dbt_project.yml
[0m16:52:22.064683 [info ] [MainThread]: adapter type: postgres
[0m16:52:22.065209 [info ] [MainThread]: adapter version: 1.9.0
[0m16:52:22.135453 [info ] [MainThread]: Configuration:
[0m16:52:22.135873 [info ] [MainThread]:   profiles.yml file [[32mOK found and valid[0m]
[0m16:52:22.136056 [info ] [MainThread]:   dbt_project.yml file [[32mOK found and valid[0m]
[0m16:52:22.136197 [info ] [MainThread]: Required dependencies:
[0m16:52:22.136501 [debug] [MainThread]: Executing "git --help"
[0m16:52:22.139207 [debug] [MainThread]: STDOUT: "b"usage: git [-v | --version] [-h | --help] [-C <path>] [-c <name>=<value>]\n           [--exec-path[=<path>]] [--html-path] [--man-path] [--info-path]\n           [-p | --paginate | -P | --no-pager] [--no-replace-objects] [--no-lazy-fetch]\n           [--no-optional-locks] [--no-advice] [--bare] [--git-dir=<path>]\n           [--work-tree=<path>] [--namespace=<name>] [--config-env=<name>=<envvar>]\n           <command> [<args>]\n\nThese are common Git commands used in various situations:\n\nstart a working area (see also: git help tutorial)\n   clone     Clone a repository into a new directory\n   init      Create an empty Git repository or reinitialize an existing one\n\nwork on the current change (see also: git help everyday)\n   add       Add file contents to the index\n   mv        Move or rename a file, a directory, or a symlink\n   restore   Restore working tree files\n   rm        Remove files from the working tree and from the index\n\nexamine the history and state (see also: git help revisions)\n   bisect    Use binary search to find the commit that introduced a bug\n   diff      Show changes between commits, commit and working tree, etc\n   grep      Print lines matching a pattern\n   log       Show commit logs\n   show      Show various types of objects\n   status    Show the working tree status\n\ngrow, mark and tweak your common history\n   branch    List, create, or delete branches\n   commit    Record changes to the repository\n   merge     Join two or more development histories together\n   rebase    Reapply commits on top of another base tip\n   reset     Reset current HEAD to the specified state\n   switch    Switch branches\n   tag       Create, list, delete or verify a tag object signed with GPG\n\ncollaborate (see also: git help workflows)\n   fetch     Download objects and refs from another repository\n   pull      Fetch from and integrate with another repository or a local branch\n   push      Update remote refs along with associated objects\n\n'git help -a' and 'git help -g' list available subcommands and some\nconcept guides. See 'git help <command>' or 'git help <concept>'\nto read about a specific subcommand or concept.\nSee 'git help git' for an overview of the system.\n""
[0m16:52:22.139580 [debug] [MainThread]: STDERR: "b''"
[0m16:52:22.139743 [info ] [MainThread]:  - git [[32mOK found[0m]

[0m16:52:22.139930 [info ] [MainThread]: Connection:
[0m16:52:22.140086 [info ] [MainThread]:   host: ep-falling-sky-a1vor32d-pooler.ap-southeast-1.aws.neon.tech
[0m16:52:22.140222 [info ] [MainThread]:   port: 5432
[0m16:52:22.140349 [info ] [MainThread]:   user: neondb_owner
[0m16:52:22.140470 [info ] [MainThread]:   database: neondb
[0m16:52:22.140607 [info ] [MainThread]:   schema: analytics
[0m16:52:22.140753 [info ] [MainThread]:   connect_timeout: 10
[0m16:52:22.140877 [info ] [MainThread]:   role: None
[0m16:52:22.140993 [info ] [MainThread]:   search_path: None
[0m16:52:22.141111 [info ] [MainThread]:   keepalives_idle: 0
[0m16:52:22.141245 [info ] [MainThread]:   sslmode: require
[0m16:52:22.141573 [info ] [MainThread]:   sslcert: None
[0m16:52:22.141761 [info ] [MainThread]:   sslkey: None
[0m16:52:22.141914 [info ] [MainThread]:   sslrootcert: None
[0m16:52:22.142043 [info ] [MainThread]:   application_name: dbt
[0m16:52:22.142203 [info ] [MainThread]:   retries: 1
[0m16:52:22.142477 [info ] [MainThread]: Registered adapter: postgres=1.9.0
[0m16:52:22.202365 [debug] [MainThread]: Acquiring new postgres connection 'debug'
[0m16:52:22.225259 [debug] [MainThread]: Using postgres connection "debug"
[0m16:52:22.225603 [debug] [MainThread]: On debug: select 1 as id
[0m16:52:22.225815 [debug] [MainThread]: Opening a new connection, currently in state init
[0m16:52:22.619282 [debug] [MainThread]: SQL status: SELECT 1 in 0.393 seconds
[0m16:52:22.620415 [debug] [MainThread]: On debug: Close
[0m16:52:22.620996 [info ] [MainThread]:   Connection test: [[32mOK connection ok[0m]

[0m16:52:22.621266 [info ] [MainThread]: [32mAll checks passed![0m
[0m16:52:22.622583 [debug] [MainThread]: Resource report: {"command_name": "debug", "command_success": true, "command_wall_clock_time": 0.65546775, "process_in_blocks": "0", "process_kernel_time": 0.253046, "process_mem_max_rss": "118276", "process_out_blocks": "3264", "process_user_time": 1.492102}
[0m16:52:22.623039 [debug] [MainThread]: Command `dbt debug` succeeded at 16:52:22.622966 after 0.66 seconds
[0m16:52:22.623258 [debug] [MainThread]: Connection 'debug' was properly closed.
[0m16:52:22.623454 [debug] [MainThread]: Sending event: {'category': 'dbt', 'action': 'invocation', 'label': 'end', 'context': [<snowplow_tracker.self_describing_json.SelfDescribingJson object at 0xf956e4ac8e30>, <snowplow_tracker.self_describing_json.SelfDescribingJson object at 0xf956e6a66ea0>, <snowplow_tracker.self_describing_json.SelfDescribingJson object at 0xf956e5575af0>]}
[0m16:52:22.623715 [debug] [MainThread]: Flushing usage events
[0m16:52:23.601044 [debug] [MainThread]: An error was encountered while trying to flush usage events
[0m16:52:51.672333 [debug] [MainThread]: Sending event: {'category': 'dbt', 'action': 'invocation', 'label': 'start', 'context': [<snowplow_tracker.self_describing_json.SelfDescribingJson object at 0xf7eeae18eed0>, <snowplow_tracker.self_describing_json.SelfDescribingJson object at 0xf7eeae18dc10>, <snowplow_tracker.self_describing_json.SelfDescribingJson object at 0xf7eeae272150>]}


============================== 16:52:51.676836 | 0ae73e9c-5d5d-4325-9a59-1b59bcf370eb ==============================
[0m16:52:51.676836 [info ] [MainThread]: Running with dbt=1.11.7
[0m16:52:51.677212 [debug] [MainThread]: running dbt with arguments {'log_format': 'default', 'log_cache_events': 'False', 'warn_error_options': 'WarnErrorOptionsV2(error=[], warn=[], silence=[])', 'send_anonymous_usage_stats': 'True', 'target_path': 'None', 'use_colors': 'True', 'debug': 'False', 'static_parser': 'True', 'use_experimental_parser': 'False', 'empty': 'False', 'indirect_selection': 'eager', 'no_print': 'None', 'fail_fast': 'False', 'write_json': 'True', 'profiles_dir': '/usr/app/profiles', 'warn_error': 'None', 'log_path': '/usr/app/logs', 'introspect': 'True', 'partial_parse': 'True', 'version_check': 'True', 'invocation_command': 'dbt run', 'quiet': 'False', 'printer_width': '80', 'cache_selected_only': 'False'}
[0m16:52:51.802941 [debug] [MainThread]: Sending event: {'category': 'dbt', 'action': 'project_id', 'label': '0ae73e9c-5d5d-4325-9a59-1b59bcf370eb', 'context': [<snowplow_tracker.self_describing_json.SelfDescribingJson object at 0xf7eeabf6c830>]}
[0m16:52:51.848760 [debug] [MainThread]: Sending event: {'category': 'dbt', 'action': 'adapter_info', 'label': '0ae73e9c-5d5d-4325-9a59-1b59bcf370eb', 'context': [<snowplow_tracker.self_describing_json.SelfDescribingJson object at 0xf7eeabfd12e0>]}
[0m16:52:51.849691 [info ] [MainThread]: Registered adapter: postgres=1.9.0
[0m16:52:51.917171 [debug] [MainThread]: checksum: b80718358155fc17c3559352095564dd56ada1cc1a1c0ef2e62c857e71583775, vars: {}, profile: , target: , version: 1.11.7
[0m16:52:51.917680 [info ] [MainThread]: Unable to do partial parsing because saved manifest not found. Starting full parse.
[0m16:52:51.918277 [debug] [MainThread]: Sending event: {'category': 'dbt', 'action': 'partial_parser', 'label': '0ae73e9c-5d5d-4325-9a59-1b59bcf370eb', 'context': [<snowplow_tracker.self_describing_json.SelfDescribingJson object at 0xf7eeacd55550>]}
[0m16:52:52.426507 [warn ] [MainThread]: [[33mWARNING[0m]: Configuration paths exist in your dbt_project.yml file which do not apply to any resources.
There are 2 unused configuration paths:
- models.fintech_wiorx.marts
- models.fintech_wiorx.staging
[0m16:52:52.430809 [debug] [MainThread]: Sending event: {'category': 'dbt', 'action': 'load_project', 'label': '0ae73e9c-5d5d-4325-9a59-1b59bcf370eb', 'context': [<snowplow_tracker.self_describing_json.SelfDescribingJson object at 0xf7eeabee0140>]}
[0m16:52:52.458430 [debug] [MainThread]: Wrote artifact WritableManifest to /usr/app/target/manifest.json
[0m16:52:52.460244 [debug] [MainThread]: Wrote artifact SemanticManifest to /usr/app/target/semantic_manifest.json
[0m16:52:52.475148 [debug] [MainThread]: Sending event: {'category': 'dbt', 'action': 'resource_counts', 'label': '0ae73e9c-5d5d-4325-9a59-1b59bcf370eb', 'context': [<snowplow_tracker.self_describing_json.SelfDescribingJson object at 0xf7eeabb43350>]}
[0m16:52:52.475487 [info ] [MainThread]: Found 463 macros
[0m16:52:52.475746 [debug] [MainThread]: Sending event: {'category': 'dbt', 'action': 'runnable_timing', 'label': '0ae73e9c-5d5d-4325-9a59-1b59bcf370eb', 'context': [<snowplow_tracker.self_describing_json.SelfDescribingJson object at 0xf7eeabad0e90>]}
[0m16:52:52.478096 [warn ] [MainThread]: Nothing to do. Try checking your model configs and model specification args
[0m16:52:52.479035 [debug] [MainThread]: Command end result
[0m16:52:52.493474 [debug] [MainThread]: Wrote artifact WritableManifest to /usr/app/target/manifest.json
[0m16:52:52.495659 [debug] [MainThread]: Wrote artifact SemanticManifest to /usr/app/target/semantic_manifest.json
[0m16:52:52.499884 [debug] [MainThread]: Wrote artifact RunExecutionResult to /usr/app/target/run_results.json
[0m16:52:52.500729 [debug] [MainThread]: Resource report: {"command_name": "run", "command_success": true, "command_wall_clock_time": 0.87256014, "process_in_blocks": "8", "process_kernel_time": 0.236227, "process_mem_max_rss": "113332", "process_out_blocks": "2744", "process_user_time": 2.010165}
[0m16:52:52.501011 [debug] [MainThread]: Command `dbt run` succeeded at 16:52:52.500946 after 0.87 seconds
[0m16:52:52.501239 [debug] [MainThread]: Sending event: {'category': 'dbt', 'action': 'invocation', 'label': 'end', 'context': [<snowplow_tracker.self_describing_json.SelfDescribingJson object at 0xf7eeada5f200>, <snowplow_tracker.self_describing_json.SelfDescribingJson object at 0xf7eeabcca8d0>, <snowplow_tracker.self_describing_json.SelfDescribingJson object at 0xf7eeb1be8da0>]}
[0m16:52:52.501448 [debug] [MainThread]: Flushing usage events
[0m16:52:53.536843 [debug] [MainThread]: An error was encountered while trying to flush usage events
[0m16:53:05.605887 [debug] [MainThread]: Sending event: {'category': 'dbt', 'action': 'invocation', 'label': 'start', 'context': [<snowplow_tracker.self_describing_json.SelfDescribingJson object at 0xf87460519130>, <snowplow_tracker.self_describing_json.SelfDescribingJson object at 0xf87461f635f0>, <snowplow_tracker.self_describing_json.SelfDescribingJson object at 0xf874608cf830>]}


============================== 16:53:05.610644 | bf107d1f-c731-46d1-b8e7-155c6d66bb75 ==============================
[0m16:53:05.610644 [info ] [MainThread]: Running with dbt=1.11.7
[0m16:53:05.611292 [debug] [MainThread]: running dbt with arguments {'use_experimental_parser': 'False', 'fail_fast': 'False', 'invocation_command': 'dbt test', 'warn_error': 'None', 'version_check': 'True', 'printer_width': '80', 'use_colors': 'True', 'send_anonymous_usage_stats': 'True', 'indirect_selection': 'eager', 'log_cache_events': 'False', 'quiet': 'False', 'profiles_dir': '/usr/app/profiles', 'static_parser': 'True', 'empty': 'None', 'write_json': 'True', 'debug': 'False', 'no_print': 'None', 'cache_selected_only': 'False', 'warn_error_options': 'WarnErrorOptionsV2(error=[], warn=[], silence=[])', 'partial_parse': 'True', 'introspect': 'True', 'log_path': '/usr/app/logs', 'target_path': 'None', 'log_format': 'default'}
[0m16:53:05.733483 [debug] [MainThread]: Sending event: {'category': 'dbt', 'action': 'project_id', 'label': 'bf107d1f-c731-46d1-b8e7-155c6d66bb75', 'context': [<snowplow_tracker.self_describing_json.SelfDescribingJson object at 0xf8745f4f0d40>]}
[0m16:53:05.782558 [debug] [MainThread]: Sending event: {'category': 'dbt', 'action': 'adapter_info', 'label': 'bf107d1f-c731-46d1-b8e7-155c6d66bb75', 'context': [<snowplow_tracker.self_describing_json.SelfDescribingJson object at 0xf8745e7320f0>]}
[0m16:53:05.783319 [info ] [MainThread]: Registered adapter: postgres=1.9.0
[0m16:53:05.848835 [debug] [MainThread]: checksum: b80718358155fc17c3559352095564dd56ada1cc1a1c0ef2e62c857e71583775, vars: {}, profile: , target: , version: 1.11.7
[0m16:53:05.892078 [debug] [MainThread]: Partial parsing enabled: 0 files deleted, 0 files added, 0 files changed.
[0m16:53:05.892392 [debug] [MainThread]: Nothing changed, skipping partial parsing.
[0m16:53:05.892543 [debug] [MainThread]: Partial parsing enabled, no changes found, skipping parsing
[0m16:53:05.892994 [warn ] [MainThread]: [[33mWARNING[0m]: Configuration paths exist in your dbt_project.yml file which do not apply to any resources.
There are 2 unused configuration paths:
- models.fintech_wiorx.staging
- models.fintech_wiorx.marts
[0m16:53:05.896433 [debug] [MainThread]: Sending event: {'category': 'dbt', 'action': 'load_project', 'label': 'bf107d1f-c731-46d1-b8e7-155c6d66bb75', 'context': [<snowplow_tracker.self_describing_json.SelfDescribingJson object at 0xf8745e589250>]}
[0m16:53:05.927836 [debug] [MainThread]: Wrote artifact WritableManifest to /usr/app/target/manifest.json
[0m16:53:05.929288 [debug] [MainThread]: Wrote artifact SemanticManifest to /usr/app/target/semantic_manifest.json
[0m16:53:05.946068 [debug] [MainThread]: Sending event: {'category': 'dbt', 'action': 'resource_counts', 'label': 'bf107d1f-c731-46d1-b8e7-155c6d66bb75', 'context': [<snowplow_tracker.self_describing_json.SelfDescribingJson object at 0xf8745e1e42f0>]}
[0m16:53:05.946519 [info ] [MainThread]: Found 463 macros
[0m16:53:05.946774 [debug] [MainThread]: Sending event: {'category': 'dbt', 'action': 'runnable_timing', 'label': 'bf107d1f-c731-46d1-b8e7-155c6d66bb75', 'context': [<snowplow_tracker.self_describing_json.SelfDescribingJson object at 0xf8745e619820>]}
[0m16:53:05.947773 [warn ] [MainThread]: Nothing to do. Try checking your model configs and model specification args
[0m16:53:05.951084 [debug] [MainThread]: Command end result
[0m16:53:05.964392 [debug] [MainThread]: Wrote artifact WritableManifest to /usr/app/target/manifest.json
[0m16:53:05.966285 [debug] [MainThread]: Wrote artifact SemanticManifest to /usr/app/target/semantic_manifest.json
[0m16:53:05.969513 [debug] [MainThread]: Wrote artifact RunExecutionResult to /usr/app/target/run_results.json
[0m16:53:05.970905 [debug] [MainThread]: Resource report: {"command_name": "test", "command_success": true, "command_wall_clock_time": 0.40934005, "process_in_blocks": "0", "process_kernel_time": 0.307238, "process_mem_max_rss": "114856", "process_out_blocks": "1776", "process_user_time": 1.444021}
[0m16:53:05.971695 [debug] [MainThread]: Command `dbt test` succeeded at 16:53:05.971488 after 0.41 seconds
[0m16:53:05.972046 [debug] [MainThread]: Sending event: {'category': 'dbt', 'action': 'invocation', 'label': 'end', 'context': [<snowplow_tracker.self_describing_json.SelfDescribingJson object at 0xf874608cf830>, <snowplow_tracker.self_describing_json.SelfDescribingJson object at 0xf874608cdbb0>, <snowplow_tracker.self_describing_json.SelfDescribingJson object at 0xf8745e1885f0>]}
[0m16:53:05.972355 [debug] [MainThread]: Flushing usage events
[0m16:53:07.005488 [debug] [MainThread]: An error was encountered while trying to flush usage events
